{"F:\\Marc\\Marc\\CEF\\JavaScript\\Node\\Express\\PPRussel\\api\\middlewares\\adminConfirm.js": {"path":"F:\\Marc\\Marc\\CEF\\JavaScript\\Node\\Express\\PPRussel\\api\\middlewares\\adminConfirm.js","statementMap":{"0":{"start":{"line":2,"column":0},"end":{"line":7,"column":2}},"1":{"start":{"line":3,"column":2},"end":{"line":5,"column":3}},"2":{"start":{"line":4,"column":4},"end":{"line":4,"column":86}},"3":{"start":{"line":6,"column":2},"end":{"line":6,"column":9}}},"fnMap":{"0":{"name":"adminConfirm","decl":{"start":{"line":2,"column":26},"end":{"line":2,"column":38}},"loc":{"start":{"line":2,"column":55},"end":{"line":7,"column":1}},"line":2}},"branchMap":{"0":{"loc":{"start":{"line":3,"column":2},"end":{"line":5,"column":3}},"type":"if","locations":[{"start":{"line":3,"column":2},"end":{"line":5,"column":3}},{"start":{},"end":{}}],"line":3},"1":{"loc":{"start":{"line":3,"column":6},"end":{"line":3,"column":44}},"type":"binary-expr","locations":[{"start":{"line":3,"column":6},"end":{"line":3,"column":15}},{"start":{"line":3,"column":19},"end":{"line":3,"column":44}}],"line":3}},"s":{"0":3,"1":3,"2":2,"3":1},"f":{"0":3},"b":{"0":[2,1],"1":[3,1]},"_coverageSchema":"1a1c01bbd47fc00a2c39e90264f33305004495a9","hash":"9a46f7a280e307d7de9606f186f29949edb3675e"}
,"F:\\Marc\\Marc\\CEF\\JavaScript\\Node\\Express\\PPRussel\\api\\middlewares\\authPrivate.js": {"path":"F:\\Marc\\Marc\\CEF\\JavaScript\\Node\\Express\\PPRussel\\api\\middlewares\\authPrivate.js","statementMap":{"0":{"start":{"line":2,"column":12},"end":{"line":2,"column":35}},"1":{"start":{"line":3,"column":19},"end":{"line":3,"column":57}},"2":{"start":{"line":5,"column":0},"end":{"line":18,"column":2}},"3":{"start":{"line":6,"column":14},"end":{"line":6,"column":80}},"4":{"start":{"line":8,"column":2},"end":{"line":10,"column":3}},"5":{"start":{"line":9,"column":4},"end":{"line":9,"column":64}},"6":{"start":{"line":12,"column":2},"end":{"line":17,"column":3}},"7":{"start":{"line":13,"column":4},"end":{"line":13,"column":34}},"8":{"start":{"line":14,"column":4},"end":{"line":14,"column":11}},"9":{"start":{"line":16,"column":4},"end":{"line":16,"column":64}}},"fnMap":{"0":{"name":"(anonymous_0)","decl":{"start":{"line":5,"column":26},"end":{"line":5,"column":27}},"loc":{"start":{"line":5,"column":46},"end":{"line":18,"column":1}},"line":5}},"branchMap":{"0":{"loc":{"start":{"line":3,"column":19},"end":{"line":3,"column":57}},"type":"binary-expr","locations":[{"start":{"line":3,"column":19},"end":{"line":3,"column":41}},{"start":{"line":3,"column":45},"end":{"line":3,"column":57}}],"line":3},"1":{"loc":{"start":{"line":6,"column":14},"end":{"line":6,"column":80}},"type":"binary-expr","locations":[{"start":{"line":6,"column":15},"end":{"line":6,"column":26}},{"start":{"line":6,"column":30},"end":{"line":6,"column":47}},{"start":{"line":6,"column":52},"end":{"line":6,"column":80}}],"line":6},"2":{"loc":{"start":{"line":8,"column":2},"end":{"line":10,"column":3}},"type":"if","locations":[{"start":{"line":8,"column":2},"end":{"line":10,"column":3}},{"start":{},"end":{}}],"line":8}},"s":{"0":3,"1":3,"2":3,"3":3,"4":3,"5":1,"6":2,"7":2,"8":2,"9":0},"f":{"0":3},"b":{"0":[3,3],"1":[3,3,2],"2":[1,2]},"_coverageSchema":"1a1c01bbd47fc00a2c39e90264f33305004495a9","hash":"d4d70574b85b95b035331bb3319259fb56334641"}
,"F:\\Marc\\Marc\\CEF\\JavaScript\\Node\\Express\\PPRussel\\api\\middlewares\\confirmDeleteUser.js": {"path":"F:\\Marc\\Marc\\CEF\\JavaScript\\Node\\Express\\PPRussel\\api\\middlewares\\confirmDeleteUser.js","statementMap":{"0":{"start":{"line":2,"column":0},"end":{"line":7,"column":2}},"1":{"start":{"line":3,"column":2},"end":{"line":5,"column":3}},"2":{"start":{"line":4,"column":4},"end":{"line":4,"column":99}},"3":{"start":{"line":6,"column":2},"end":{"line":6,"column":9}}},"fnMap":{"0":{"name":"confirm","decl":{"start":{"line":2,"column":26},"end":{"line":2,"column":33}},"loc":{"start":{"line":2,"column":50},"end":{"line":7,"column":1}},"line":2}},"branchMap":{"0":{"loc":{"start":{"line":3,"column":2},"end":{"line":5,"column":3}},"type":"if","locations":[{"start":{"line":3,"column":2},"end":{"line":5,"column":3}},{"start":{},"end":{}}],"line":3},"1":{"loc":{"start":{"line":3,"column":6},"end":{"line":3,"column":53}},"type":"binary-expr","locations":[{"start":{"line":3,"column":6},"end":{"line":3,"column":23}},{"start":{"line":3,"column":27},"end":{"line":3,"column":53}}],"line":3}},"s":{"0":3,"1":2,"2":1,"3":1},"f":{"0":2},"b":{"0":[1,1],"1":[2,1]},"_coverageSchema":"1a1c01bbd47fc00a2c39e90264f33305004495a9","hash":"dd9dbde55ea67c92db9344c3472dc202cd780ee3"}
,"F:\\Marc\\Marc\\CEF\\JavaScript\\Node\\Express\\PPRussel\\api\\middlewares\\sanitizeReservationUpdate.js": {"path":"F:\\Marc\\Marc\\CEF\\JavaScript\\Node\\Express\\PPRussel\\api\\middlewares\\sanitizeReservationUpdate.js","statementMap":{"0":{"start":{"line":1,"column":0},"end":{"line":44,"column":2}},"1":{"start":{"line":2,"column":26},"end":{"line":2,"column":92}},"2":{"start":{"line":3,"column":20},"end":{"line":3,"column":22}},"3":{"start":{"line":5,"column":4},"end":{"line":43,"column":5}},"4":{"start":{"line":6,"column":8},"end":{"line":26,"column":9}},"5":{"start":{"line":7,"column":12},"end":{"line":7,"column":58}},"6":{"start":{"line":7,"column":49},"end":{"line":7,"column":58}},"7":{"start":{"line":9,"column":24},"end":{"line":9,"column":39}},"8":{"start":{"line":10,"column":12},"end":{"line":10,"column":62}},"9":{"start":{"line":10,"column":53},"end":{"line":10,"column":62}},"10":{"start":{"line":12,"column":12},"end":{"line":12,"column":64}},"11":{"start":{"line":12,"column":43},"end":{"line":12,"column":64}},"12":{"start":{"line":14,"column":12},"end":{"line":17,"column":13}},"13":{"start":{"line":15,"column":16},"end":{"line":15,"column":38}},"14":{"start":{"line":16,"column":16},"end":{"line":16,"column":87}},"15":{"start":{"line":16,"column":34},"end":{"line":16,"column":87}},"16":{"start":{"line":19,"column":12},"end":{"line":23,"column":13}},"17":{"start":{"line":20,"column":32},"end":{"line":20,"column":47}},"18":{"start":{"line":21,"column":16},"end":{"line":21,"column":80}},"19":{"start":{"line":21,"column":36},"end":{"line":21,"column":80}},"20":{"start":{"line":22,"column":16},"end":{"line":22,"column":32}},"21":{"start":{"line":25,"column":12},"end":{"line":25,"column":35}},"22":{"start":{"line":28,"column":8},"end":{"line":32,"column":9}},"23":{"start":{"line":29,"column":8},"end":{"line":31,"column":13}},"24":{"start":{"line":30,"column":12},"end":{"line":30,"column":84}},"25":{"start":{"line":34,"column":8},"end":{"line":36,"column":9}},"26":{"start":{"line":35,"column":12},"end":{"line":35,"column":83}},"27":{"start":{"line":38,"column":8},"end":{"line":38,"column":30}},"28":{"start":{"line":39,"column":8},"end":{"line":39,"column":15}},"29":{"start":{"line":42,"column":8},"end":{"line":42,"column":62}}},"fnMap":{"0":{"name":"(anonymous_0)","decl":{"start":{"line":1,"column":17},"end":{"line":1,"column":18}},"loc":{"start":{"line":1,"column":37},"end":{"line":44,"column":1}},"line":1}},"branchMap":{"0":{"loc":{"start":{"line":7,"column":12},"end":{"line":7,"column":58}},"type":"if","locations":[{"start":{"line":7,"column":12},"end":{"line":7,"column":58}},{"start":{},"end":{}}],"line":7},"1":{"loc":{"start":{"line":10,"column":12},"end":{"line":10,"column":62}},"type":"if","locations":[{"start":{"line":10,"column":12},"end":{"line":10,"column":62}},{"start":{},"end":{}}],"line":10},"2":{"loc":{"start":{"line":10,"column":16},"end":{"line":10,"column":51}},"type":"binary-expr","locations":[{"start":{"line":10,"column":16},"end":{"line":10,"column":28}},{"start":{"line":10,"column":32},"end":{"line":10,"column":51}}],"line":10},"3":{"loc":{"start":{"line":12,"column":12},"end":{"line":12,"column":64}},"type":"if","locations":[{"start":{"line":12,"column":12},"end":{"line":12,"column":64}},{"start":{},"end":{}}],"line":12},"4":{"loc":{"start":{"line":14,"column":12},"end":{"line":17,"column":13}},"type":"if","locations":[{"start":{"line":14,"column":12},"end":{"line":17,"column":13}},{"start":{},"end":{}}],"line":14},"5":{"loc":{"start":{"line":16,"column":16},"end":{"line":16,"column":87}},"type":"if","locations":[{"start":{"line":16,"column":16},"end":{"line":16,"column":87}},{"start":{},"end":{}}],"line":16},"6":{"loc":{"start":{"line":19,"column":12},"end":{"line":23,"column":13}},"type":"if","locations":[{"start":{"line":19,"column":12},"end":{"line":23,"column":13}},{"start":{},"end":{}}],"line":19},"7":{"loc":{"start":{"line":19,"column":16},"end":{"line":19,"column":60}},"type":"binary-expr","locations":[{"start":{"line":19,"column":16},"end":{"line":19,"column":37}},{"start":{"line":19,"column":41},"end":{"line":19,"column":60}}],"line":19},"8":{"loc":{"start":{"line":21,"column":16},"end":{"line":21,"column":80}},"type":"if","locations":[{"start":{"line":21,"column":16},"end":{"line":21,"column":80}},{"start":{},"end":{}}],"line":21},"9":{"loc":{"start":{"line":28,"column":8},"end":{"line":32,"column":9}},"type":"if","locations":[{"start":{"line":28,"column":8},"end":{"line":32,"column":9}},{"start":{},"end":{}}],"line":28},"10":{"loc":{"start":{"line":28,"column":12},"end":{"line":28,"column":48}},"type":"binary-expr","locations":[{"start":{"line":28,"column":12},"end":{"line":28,"column":29}},{"start":{"line":28,"column":33},"end":{"line":28,"column":48}}],"line":28},"11":{"loc":{"start":{"line":29,"column":8},"end":{"line":31,"column":13}},"type":"if","locations":[{"start":{"line":29,"column":8},"end":{"line":31,"column":13}},{"start":{},"end":{}}],"line":29},"12":{"loc":{"start":{"line":34,"column":8},"end":{"line":36,"column":9}},"type":"if","locations":[{"start":{"line":34,"column":8},"end":{"line":36,"column":9}},{"start":{},"end":{}}],"line":34}},"s":{"0":3,"1":7,"2":7,"3":7,"4":7,"5":30,"6":20,"7":10,"8":10,"9":1,"10":9,"11":9,"12":9,"13":2,"14":2,"15":1,"16":8,"17":4,"18":4,"19":1,"20":3,"21":7,"22":5,"23":1,"24":1,"25":4,"26":2,"27":2,"28":2,"29":3},"f":{"0":7},"b":{"0":[20,10],"1":[1,9],"2":[10,9],"3":[9,0],"4":[2,7],"5":[1,1],"6":[4,4],"7":[8,5],"8":[1,3],"9":[1,4],"10":[5,2],"11":[1,0],"12":[2,2]},"_coverageSchema":"1a1c01bbd47fc00a2c39e90264f33305004495a9","hash":"a97f1e5453e30f40425916427d8b5f3bcbe8c9f3"}
,"F:\\Marc\\Marc\\CEF\\JavaScript\\Node\\Express\\PPRussel\\api\\middlewares\\skipAuthIfTest.js": {"path":"F:\\Marc\\Marc\\CEF\\JavaScript\\Node\\Express\\PPRussel\\api\\middlewares\\skipAuthIfTest.js","statementMap":{"0":{"start":{"line":2,"column":2},"end":{"line":4,"column":17}},"1":{"start":{"line":3,"column":26},"end":{"line":3,"column":32}},"2":{"start":{"line":7,"column":0},"end":{"line":7,"column":31}}},"fnMap":{"0":{"name":"skipAuthIfTest","decl":{"start":{"line":1,"column":9},"end":{"line":1,"column":23}},"loc":{"start":{"line":1,"column":36},"end":{"line":5,"column":1}},"line":1},"1":{"name":"(anonymous_1)","decl":{"start":{"line":3,"column":6},"end":{"line":3,"column":7}},"loc":{"start":{"line":3,"column":26},"end":{"line":3,"column":32}},"line":3}},"branchMap":{"0":{"loc":{"start":{"line":2,"column":9},"end":{"line":4,"column":16}},"type":"cond-expr","locations":[{"start":{"line":3,"column":6},"end":{"line":3,"column":32}},{"start":{"line":4,"column":6},"end":{"line":4,"column":16}}],"line":2}},"s":{"0":31,"1":3,"2":3},"f":{"0":31,"1":3},"b":{"0":[31,0]},"_coverageSchema":"1a1c01bbd47fc00a2c39e90264f33305004495a9","hash":"b4bade646cc79b526e3bde9977a06cf44d61e428"}
,"F:\\Marc\\Marc\\CEF\\JavaScript\\Node\\Express\\PPRussel\\api\\middlewares\\usersValidation.js": {"path":"F:\\Marc\\Marc\\CEF\\JavaScript\\Node\\Express\\PPRussel\\api\\middlewares\\usersValidation.js","statementMap":{"0":{"start":{"line":4,"column":0},"end":{"line":32,"column":2}},"1":{"start":{"line":5,"column":30},"end":{"line":5,"column":38}},"2":{"start":{"line":7,"column":2},"end":{"line":9,"column":3}},"3":{"start":{"line":8,"column":4},"end":{"line":8,"column":82}},"4":{"start":{"line":11,"column":2},"end":{"line":13,"column":3}},"5":{"start":{"line":12,"column":4},"end":{"line":12,"column":64}},"6":{"start":{"line":16,"column":2},"end":{"line":18,"column":3}},"7":{"start":{"line":17,"column":4},"end":{"line":17,"column":18}},"8":{"start":{"line":22,"column":4},"end":{"line":22,"column":86}},"9":{"start":{"line":24,"column":2},"end":{"line":29,"column":3}},"10":{"start":{"line":25,"column":4},"end":{"line":28,"column":7}},"11":{"start":{"line":31,"column":2},"end":{"line":31,"column":9}}},"fnMap":{"0":{"name":"validate","decl":{"start":{"line":4,"column":26},"end":{"line":4,"column":34}},"loc":{"start":{"line":4,"column":51},"end":{"line":32,"column":1}},"line":4}},"branchMap":{"0":{"loc":{"start":{"line":7,"column":2},"end":{"line":9,"column":3}},"type":"if","locations":[{"start":{"line":7,"column":2},"end":{"line":9,"column":3}},{"start":{},"end":{}}],"line":7},"1":{"loc":{"start":{"line":7,"column":6},"end":{"line":7,"column":25}},"type":"binary-expr","locations":[{"start":{"line":7,"column":6},"end":{"line":7,"column":12}},{"start":{"line":7,"column":16},"end":{"line":7,"column":25}}],"line":7},"2":{"loc":{"start":{"line":11,"column":2},"end":{"line":13,"column":3}},"type":"if","locations":[{"start":{"line":11,"column":2},"end":{"line":13,"column":3}},{"start":{},"end":{}}],"line":11},"3":{"loc":{"start":{"line":16,"column":2},"end":{"line":18,"column":3}},"type":"if","locations":[{"start":{"line":16,"column":2},"end":{"line":18,"column":3}},{"start":{},"end":{}}],"line":16},"4":{"loc":{"start":{"line":24,"column":2},"end":{"line":29,"column":3}},"type":"if","locations":[{"start":{"line":24,"column":2},"end":{"line":29,"column":3}},{"start":{},"end":{}}],"line":24}},"s":{"0":3,"1":2,"2":2,"3":1,"4":1,"5":0,"6":1,"7":1,"8":0,"9":0,"10":0,"11":0},"f":{"0":2},"b":{"0":[1,1],"1":[2,1],"2":[0,1],"3":[1,0],"4":[0,0]},"_coverageSchema":"1a1c01bbd47fc00a2c39e90264f33305004495a9","hash":"1afbf6f399550c250aa51698db74048cd3fd3ebd"}
,"F:\\Marc\\Marc\\CEF\\JavaScript\\Node\\Express\\PPRussel\\api\\models\\catway.js": {"path":"F:\\Marc\\Marc\\CEF\\JavaScript\\Node\\Express\\PPRussel\\api\\models\\catway.js","statementMap":{"0":{"start":{"line":1,"column":17},"end":{"line":1,"column":37}},"1":{"start":{"line":2,"column":15},"end":{"line":2,"column":30}},"2":{"start":{"line":4,"column":15},"end":{"line":28,"column":2}},"3":{"start":{"line":31,"column":0},"end":{"line":31,"column":50}}},"fnMap":{},"branchMap":{},"s":{"0":2,"1":2,"2":2,"3":2},"f":{},"b":{},"_coverageSchema":"1a1c01bbd47fc00a2c39e90264f33305004495a9","hash":"28720f530322897fe3512d2fc00864db6c6047a3"}
,"F:\\Marc\\Marc\\CEF\\JavaScript\\Node\\Express\\PPRussel\\api\\models\\reservation.js": {"path":"F:\\Marc\\Marc\\CEF\\JavaScript\\Node\\Express\\PPRussel\\api\\models\\reservation.js","statementMap":{"0":{"start":{"line":1,"column":17},"end":{"line":1,"column":37}},"1":{"start":{"line":2,"column":15},"end":{"line":2,"column":30}},"2":{"start":{"line":4,"column":20},"end":{"line":36,"column":2}},"3":{"start":{"line":39,"column":0},"end":{"line":39,"column":60}}},"fnMap":{},"branchMap":{},"s":{"0":2,"1":2,"2":2,"3":2},"f":{},"b":{},"_coverageSchema":"1a1c01bbd47fc00a2c39e90264f33305004495a9","hash":"9255f1dce048a63321c5f837d4da4b132d8a5b7e"}
,"F:\\Marc\\Marc\\CEF\\JavaScript\\Node\\Express\\PPRussel\\api\\models\\user.js": {"path":"F:\\Marc\\Marc\\CEF\\JavaScript\\Node\\Express\\PPRussel\\api\\models\\user.js","statementMap":{"0":{"start":{"line":1,"column":17},"end":{"line":1,"column":37}},"1":{"start":{"line":2,"column":15},"end":{"line":2,"column":30}},"2":{"start":{"line":6,"column":15},"end":{"line":6,"column":33}},"3":{"start":{"line":8,"column":13},"end":{"line":45,"column":2}},"4":{"start":{"line":49,"column":0},"end":{"line":58,"column":3}},"5":{"start":{"line":51,"column":4},"end":{"line":53,"column":5}},"6":{"start":{"line":52,"column":8},"end":{"line":52,"column":23}},"7":{"start":{"line":55,"column":4},"end":{"line":55,"column":55}},"8":{"start":{"line":57,"column":4},"end":{"line":57,"column":11}},"9":{"start":{"line":60,"column":0},"end":{"line":60,"column":46}}},"fnMap":{"0":{"name":"(anonymous_0)","decl":{"start":{"line":49,"column":17},"end":{"line":49,"column":18}},"loc":{"start":{"line":49,"column":33},"end":{"line":58,"column":1}},"line":49}},"branchMap":{"0":{"loc":{"start":{"line":51,"column":4},"end":{"line":53,"column":5}},"type":"if","locations":[{"start":{"line":51,"column":4},"end":{"line":53,"column":5}},{"start":{},"end":{}}],"line":51}},"s":{"0":2,"1":2,"2":2,"3":2,"4":2,"5":1,"6":0,"7":1,"8":1,"9":2},"f":{"0":1},"b":{"0":[0,1]},"_coverageSchema":"1a1c01bbd47fc00a2c39e90264f33305004495a9","hash":"91626562e382dd386be96d0b0260d6b62e770684"}
,"F:\\Marc\\Marc\\CEF\\JavaScript\\Node\\Express\\PPRussel\\api\\routes\\catways.js": {"path":"F:\\Marc\\Marc\\CEF\\JavaScript\\Node\\Express\\PPRussel\\api\\routes\\catways.js","statementMap":{"0":{"start":{"line":1,"column":14},"end":{"line":1,"column":32}},"1":{"start":{"line":2,"column":13},"end":{"line":2,"column":29}},"2":{"start":{"line":4,"column":16},"end":{"line":4,"column":47}},"3":{"start":{"line":5,"column":20},"end":{"line":5,"column":58}},"4":{"start":{"line":6,"column":14},"end":{"line":6,"column":53}},"5":{"start":{"line":7,"column":23},"end":{"line":7,"column":64}},"6":{"start":{"line":10,"column":0},"end":{"line":10,"column":71}},"7":{"start":{"line":12,"column":0},"end":{"line":12,"column":76}},"8":{"start":{"line":14,"column":0},"end":{"line":14,"column":78}},"9":{"start":{"line":16,"column":0},"end":{"line":16,"column":83}},"10":{"start":{"line":18,"column":0},"end":{"line":18,"column":84}},"11":{"start":{"line":22,"column":0},"end":{"line":22,"column":24}}},"fnMap":{},"branchMap":{},"s":{"0":2,"1":2,"2":2,"3":2,"4":2,"5":2,"6":2,"7":2,"8":2,"9":2,"10":2,"11":2},"f":{},"b":{},"_coverageSchema":"1a1c01bbd47fc00a2c39e90264f33305004495a9","hash":"28f5541952acfa1a92f6a3ba12e186885a5a5558"}
,"F:\\Marc\\Marc\\CEF\\JavaScript\\Node\\Express\\PPRussel\\api\\routes\\reservations.js": {"path":"F:\\Marc\\Marc\\CEF\\JavaScript\\Node\\Express\\PPRussel\\api\\routes\\reservations.js","statementMap":{"0":{"start":{"line":1,"column":14},"end":{"line":1,"column":32}},"1":{"start":{"line":2,"column":13},"end":{"line":2,"column":29}},"2":{"start":{"line":4,"column":16},"end":{"line":4,"column":52}},"3":{"start":{"line":5,"column":20},"end":{"line":5,"column":58}},"4":{"start":{"line":6,"column":34},"end":{"line":6,"column":86}},"5":{"start":{"line":7,"column":23},"end":{"line":7,"column":64}},"6":{"start":{"line":10,"column":0},"end":{"line":10,"column":70}},"7":{"start":{"line":11,"column":0},"end":{"line":11,"column":75}},"8":{"start":{"line":12,"column":0},"end":{"line":12,"column":70}},"9":{"start":{"line":13,"column":0},"end":{"line":13,"column":102}},"10":{"start":{"line":14,"column":0},"end":{"line":14,"column":76}},"11":{"start":{"line":16,"column":0},"end":{"line":16,"column":24}}},"fnMap":{},"branchMap":{},"s":{"0":2,"1":2,"2":2,"3":2,"4":2,"5":2,"6":2,"7":2,"8":2,"9":2,"10":2,"11":2},"f":{},"b":{},"_coverageSchema":"1a1c01bbd47fc00a2c39e90264f33305004495a9","hash":"afc66fb9d2a650f2c941de15e949202b8bec66cb"}
,"F:\\Marc\\Marc\\CEF\\JavaScript\\Node\\Express\\PPRussel\\api\\routes\\users.js": {"path":"F:\\Marc\\Marc\\CEF\\JavaScript\\Node\\Express\\PPRussel\\api\\routes\\users.js","statementMap":{"0":{"start":{"line":2,"column":14},"end":{"line":2,"column":32}},"1":{"start":{"line":3,"column":13},"end":{"line":3,"column":29}},"2":{"start":{"line":5,"column":16},"end":{"line":5,"column":45}},"3":{"start":{"line":6,"column":20},"end":{"line":6,"column":58}},"4":{"start":{"line":7,"column":17},"end":{"line":7,"column":59}},"5":{"start":{"line":8,"column":16},"end":{"line":8,"column":60}},"6":{"start":{"line":9,"column":21},"end":{"line":9,"column":60}},"7":{"start":{"line":10,"column":23},"end":{"line":10,"column":64}},"8":{"start":{"line":13,"column":0},"end":{"line":13,"column":85}},"9":{"start":{"line":15,"column":0},"end":{"line":15,"column":90}},"10":{"start":{"line":17,"column":0},"end":{"line":17,"column":95}},"11":{"start":{"line":19,"column":0},"end":{"line":19,"column":90}},"12":{"start":{"line":21,"column":0},"end":{"line":21,"column":100}},"13":{"start":{"line":23,"column":0},"end":{"line":23,"column":51}},"14":{"start":{"line":25,"column":0},"end":{"line":25,"column":24}}},"fnMap":{},"branchMap":{},"s":{"0":2,"1":2,"2":2,"3":2,"4":2,"5":2,"6":2,"7":2,"8":2,"9":2,"10":2,"11":2,"12":2,"13":2,"14":2},"f":{},"b":{},"_coverageSchema":"1a1c01bbd47fc00a2c39e90264f33305004495a9","hash":"8a5993b9d5b4d19fd32db45008c6e720ba2f6c33"}
,"F:\\Marc\\Marc\\CEF\\JavaScript\\Node\\Express\\PPRussel\\api\\services\\catways.js": {"path":"F:\\Marc\\Marc\\CEF\\JavaScript\\Node\\Express\\PPRussel\\api\\services\\catways.js","statementMap":{"0":{"start":{"line":1,"column":15},"end":{"line":1,"column":43}},"1":{"start":{"line":4,"column":0},"end":{"line":19,"column":2}},"2":{"start":{"line":5,"column":4},"end":{"line":18,"column":5}},"3":{"start":{"line":6,"column":22},"end":{"line":6,"column":41}},"4":{"start":{"line":7,"column":8},"end":{"line":7,"column":63}},"5":{"start":{"line":7,"column":30},"end":{"line":7,"column":61}},"6":{"start":{"line":10,"column":8},"end":{"line":12,"column":9}},"7":{"start":{"line":11,"column":12},"end":{"line":11,"column":59}},"8":{"start":{"line":14,"column":8},"end":{"line":14,"column":81}},"9":{"start":{"line":17,"column":8},"end":{"line":17,"column":45}},"10":{"start":{"line":22,"column":0},"end":{"line":40,"column":2}},"11":{"start":{"line":23,"column":15},"end":{"line":23,"column":36}},"12":{"start":{"line":24,"column":4},"end":{"line":39,"column":5}},"13":{"start":{"line":25,"column":24},"end":{"line":25,"column":66}},"14":{"start":{"line":27,"column":8},"end":{"line":29,"column":9}},"15":{"start":{"line":28,"column":12},"end":{"line":28,"column":60}},"16":{"start":{"line":31,"column":8},"end":{"line":33,"column":9}},"17":{"start":{"line":32,"column":12},"end":{"line":32,"column":63}},"18":{"start":{"line":35,"column":8},"end":{"line":35,"column":54}},"19":{"start":{"line":38,"column":8},"end":{"line":38,"column":43}},"20":{"start":{"line":43,"column":0},"end":{"line":62,"column":2}},"21":{"start":{"line":44,"column":17},"end":{"line":48,"column":5}},"22":{"start":{"line":50,"column":4},"end":{"line":61,"column":5}},"23":{"start":{"line":51,"column":21},"end":{"line":51,"column":46}},"24":{"start":{"line":53,"column":8},"end":{"line":55,"column":9}},"25":{"start":{"line":54,"column":12},"end":{"line":54,"column":52}},"26":{"start":{"line":57,"column":8},"end":{"line":57,"column":52}},"27":{"start":{"line":60,"column":8},"end":{"line":60,"column":43}},"28":{"start":{"line":65,"column":0},"end":{"line":94,"column":2}},"29":{"start":{"line":66,"column":15},"end":{"line":66,"column":28}},"30":{"start":{"line":68,"column":17},"end":{"line":70,"column":5}},"31":{"start":{"line":72,"column":4},"end":{"line":93,"column":5}},"32":{"start":{"line":73,"column":21},"end":{"line":73,"column":55}},"33":{"start":{"line":75,"column":8},"end":{"line":77,"column":9}},"34":{"start":{"line":76,"column":12},"end":{"line":76,"column":60}},"35":{"start":{"line":79,"column":8},"end":{"line":81,"column":11}},"36":{"start":{"line":80,"column":12},"end":{"line":80,"column":51}},"37":{"start":{"line":80,"column":27},"end":{"line":80,"column":51}},"38":{"start":{"line":83,"column":8},"end":{"line":83,"column":28}},"39":{"start":{"line":85,"column":8},"end":{"line":87,"column":9}},"40":{"start":{"line":86,"column":12},"end":{"line":86,"column":52}},"41":{"start":{"line":89,"column":8},"end":{"line":89,"column":55}},"42":{"start":{"line":92,"column":8},"end":{"line":92,"column":43}},"43":{"start":{"line":97,"column":0},"end":{"line":112,"column":2}},"44":{"start":{"line":98,"column":15},"end":{"line":98,"column":28}},"45":{"start":{"line":100,"column":4},"end":{"line":111,"column":5}},"46":{"start":{"line":101,"column":8},"end":{"line":101,"column":44}},"47":{"start":{"line":103,"column":8},"end":{"line":105,"column":9}},"48":{"start":{"line":104,"column":12},"end":{"line":104,"column":59}},"49":{"start":{"line":107,"column":8},"end":{"line":107,"column":42}},"50":{"start":{"line":110,"column":8},"end":{"line":110,"column":43}}},"fnMap":{"0":{"name":"(anonymous_0)","decl":{"start":{"line":4,"column":17},"end":{"line":4,"column":18}},"loc":{"start":{"line":4,"column":43},"end":{"line":19,"column":1}},"line":4},"1":{"name":"(anonymous_1)","decl":{"start":{"line":7,"column":21},"end":{"line":7,"column":22}},"loc":{"start":{"line":7,"column":30},"end":{"line":7,"column":61}},"line":7},"2":{"name":"(anonymous_2)","decl":{"start":{"line":22,"column":18},"end":{"line":22,"column":19}},"loc":{"start":{"line":22,"column":44},"end":{"line":40,"column":1}},"line":22},"3":{"name":"(anonymous_3)","decl":{"start":{"line":43,"column":14},"end":{"line":43,"column":15}},"loc":{"start":{"line":43,"column":40},"end":{"line":62,"column":1}},"line":43},"4":{"name":"(anonymous_4)","decl":{"start":{"line":65,"column":17},"end":{"line":65,"column":18}},"loc":{"start":{"line":65,"column":43},"end":{"line":94,"column":1}},"line":65},"5":{"name":"(anonymous_5)","decl":{"start":{"line":79,"column":34},"end":{"line":79,"column":35}},"loc":{"start":{"line":79,"column":41},"end":{"line":81,"column":9}},"line":79},"6":{"name":"(anonymous_6)","decl":{"start":{"line":97,"column":17},"end":{"line":97,"column":18}},"loc":{"start":{"line":97,"column":43},"end":{"line":112,"column":1}},"line":97}},"branchMap":{"0":{"loc":{"start":{"line":10,"column":8},"end":{"line":12,"column":9}},"type":"if","locations":[{"start":{"line":10,"column":8},"end":{"line":12,"column":9}},{"start":{},"end":{}}],"line":10},"1":{"loc":{"start":{"line":27,"column":8},"end":{"line":29,"column":9}},"type":"if","locations":[{"start":{"line":27,"column":8},"end":{"line":29,"column":9}},{"start":{},"end":{}}],"line":27},"2":{"loc":{"start":{"line":31,"column":8},"end":{"line":33,"column":9}},"type":"if","locations":[{"start":{"line":31,"column":8},"end":{"line":33,"column":9}},{"start":{},"end":{}}],"line":31},"3":{"loc":{"start":{"line":53,"column":8},"end":{"line":55,"column":9}},"type":"if","locations":[{"start":{"line":53,"column":8},"end":{"line":55,"column":9}},{"start":{},"end":{}}],"line":53},"4":{"loc":{"start":{"line":75,"column":8},"end":{"line":77,"column":9}},"type":"if","locations":[{"start":{"line":75,"column":8},"end":{"line":77,"column":9}},{"start":{},"end":{}}],"line":75},"5":{"loc":{"start":{"line":80,"column":12},"end":{"line":80,"column":51}},"type":"if","locations":[{"start":{"line":80,"column":12},"end":{"line":80,"column":51}},{"start":{},"end":{}}],"line":80},"6":{"loc":{"start":{"line":85,"column":8},"end":{"line":87,"column":9}},"type":"if","locations":[{"start":{"line":85,"column":8},"end":{"line":87,"column":9}},{"start":{},"end":{}}],"line":85},"7":{"loc":{"start":{"line":103,"column":8},"end":{"line":105,"column":9}},"type":"if","locations":[{"start":{"line":103,"column":8},"end":{"line":105,"column":9}},{"start":{},"end":{}}],"line":103}},"s":{"0":3,"1":3,"2":2,"3":2,"4":1,"5":0,"6":1,"7":1,"8":0,"9":1,"10":3,"11":0,"12":0,"13":0,"14":0,"15":0,"16":0,"17":0,"18":0,"19":0,"20":3,"21":1,"22":1,"23":1,"24":1,"25":1,"26":0,"27":0,"28":3,"29":0,"30":0,"31":0,"32":0,"33":0,"34":0,"35":0,"36":0,"37":0,"38":0,"39":0,"40":0,"41":0,"42":0,"43":3,"44":0,"45":0,"46":0,"47":0,"48":0,"49":0,"50":0},"f":{"0":2,"1":0,"2":0,"3":1,"4":0,"5":0,"6":0},"b":{"0":[1,0],"1":[0,0],"2":[0,0],"3":[1,0],"4":[0,0],"5":[0,0],"6":[0,0],"7":[0,0]},"_coverageSchema":"1a1c01bbd47fc00a2c39e90264f33305004495a9","hash":"10ccf03759ff19053d66864483b0a6c72650599c"}
,"F:\\Marc\\Marc\\CEF\\JavaScript\\Node\\Express\\PPRussel\\api\\services\\reservations.js": {"path":"F:\\Marc\\Marc\\CEF\\JavaScript\\Node\\Express\\PPRussel\\api\\services\\reservations.js","statementMap":{"0":{"start":{"line":1,"column":20},"end":{"line":1,"column":53}},"1":{"start":{"line":7,"column":0},"end":{"line":29,"column":2}},"2":{"start":{"line":8,"column":4},"end":{"line":28,"column":5}},"3":{"start":{"line":9,"column":27},"end":{"line":9,"column":51}},"4":{"start":{"line":10,"column":8},"end":{"line":10,"column":69}},"5":{"start":{"line":10,"column":36},"end":{"line":10,"column":67}},"6":{"start":{"line":12,"column":8},"end":{"line":16,"column":12}},"7":{"start":{"line":12,"column":56},"end":{"line":16,"column":9}},"8":{"start":{"line":19,"column":8},"end":{"line":21,"column":9}},"9":{"start":{"line":20,"column":12},"end":{"line":20,"column":64}},"10":{"start":{"line":24,"column":8},"end":{"line":24,"column":66}},"11":{"start":{"line":27,"column":8},"end":{"line":27,"column":45}},"12":{"start":{"line":34,"column":0},"end":{"line":57,"column":2}},"13":{"start":{"line":36,"column":15},"end":{"line":36,"column":36}},"14":{"start":{"line":38,"column":4},"end":{"line":56,"column":5}},"15":{"start":{"line":40,"column":26},"end":{"line":40,"column":73}},"16":{"start":{"line":43,"column":8},"end":{"line":50,"column":9}},"17":{"start":{"line":45,"column":8},"end":{"line":47,"column":9}},"18":{"start":{"line":46,"column":12},"end":{"line":46,"column":57}},"19":{"start":{"line":49,"column":12},"end":{"line":49,"column":65}},"20":{"start":{"line":52,"column":8},"end":{"line":52,"column":61}},"21":{"start":{"line":55,"column":8},"end":{"line":55,"column":43}},"22":{"start":{"line":61,"column":0},"end":{"line":86,"column":2}},"23":{"start":{"line":63,"column":18},"end":{"line":71,"column":5}},"24":{"start":{"line":73,"column":4},"end":{"line":85,"column":5}},"25":{"start":{"line":74,"column":26},"end":{"line":74,"column":56}},"26":{"start":{"line":76,"column":8},"end":{"line":78,"column":9}},"27":{"start":{"line":77,"column":12},"end":{"line":77,"column":57}},"28":{"start":{"line":80,"column":8},"end":{"line":80,"column":61}},"29":{"start":{"line":84,"column":8},"end":{"line":84,"column":43}},"30":{"start":{"line":89,"column":0},"end":{"line":110,"column":2}},"31":{"start":{"line":90,"column":4},"end":{"line":109,"column":5}},"32":{"start":{"line":91,"column":28},"end":{"line":95,"column":9}},"33":{"start":{"line":97,"column":8},"end":{"line":99,"column":9}},"34":{"start":{"line":98,"column":12},"end":{"line":98,"column":78}},"35":{"start":{"line":101,"column":8},"end":{"line":103,"column":9}},"36":{"start":{"line":102,"column":12},"end":{"line":102,"column":57}},"37":{"start":{"line":105,"column":8},"end":{"line":105,"column":65}},"38":{"start":{"line":108,"column":8},"end":{"line":108,"column":58}},"39":{"start":{"line":114,"column":0},"end":{"line":129,"column":1}},"40":{"start":{"line":115,"column":15},"end":{"line":115,"column":28}},"41":{"start":{"line":117,"column":4},"end":{"line":128,"column":5}},"42":{"start":{"line":118,"column":8},"end":{"line":118,"column":48}},"43":{"start":{"line":120,"column":8},"end":{"line":122,"column":9}},"44":{"start":{"line":121,"column":12},"end":{"line":121,"column":59}},"45":{"start":{"line":124,"column":8},"end":{"line":124,"column":47}},"46":{"start":{"line":127,"column":8},"end":{"line":127,"column":43}}},"fnMap":{"0":{"name":"(anonymous_0)","decl":{"start":{"line":7,"column":17},"end":{"line":7,"column":18}},"loc":{"start":{"line":7,"column":43},"end":{"line":29,"column":1}},"line":7},"1":{"name":"(anonymous_1)","decl":{"start":{"line":10,"column":26},"end":{"line":10,"column":27}},"loc":{"start":{"line":10,"column":36},"end":{"line":10,"column":67}},"line":10},"2":{"name":"(anonymous_2)","decl":{"start":{"line":12,"column":40},"end":{"line":12,"column":41}},"loc":{"start":{"line":12,"column":56},"end":{"line":16,"column":9}},"line":12},"3":{"name":"(anonymous_3)","decl":{"start":{"line":34,"column":18},"end":{"line":34,"column":19}},"loc":{"start":{"line":34,"column":44},"end":{"line":57,"column":1}},"line":34},"4":{"name":"(anonymous_4)","decl":{"start":{"line":61,"column":14},"end":{"line":61,"column":15}},"loc":{"start":{"line":61,"column":40},"end":{"line":86,"column":1}},"line":61},"5":{"name":"(anonymous_5)","decl":{"start":{"line":89,"column":17},"end":{"line":89,"column":18}},"loc":{"start":{"line":89,"column":37},"end":{"line":110,"column":1}},"line":89},"6":{"name":"(anonymous_6)","decl":{"start":{"line":114,"column":17},"end":{"line":114,"column":18}},"loc":{"start":{"line":114,"column":43},"end":{"line":129,"column":1}},"line":114}},"branchMap":{"0":{"loc":{"start":{"line":19,"column":8},"end":{"line":21,"column":9}},"type":"if","locations":[{"start":{"line":19,"column":8},"end":{"line":21,"column":9}},{"start":{},"end":{}}],"line":19},"1":{"loc":{"start":{"line":43,"column":8},"end":{"line":50,"column":9}},"type":"if","locations":[{"start":{"line":43,"column":8},"end":{"line":50,"column":9}},{"start":{},"end":{}}],"line":43},"2":{"loc":{"start":{"line":45,"column":8},"end":{"line":47,"column":9}},"type":"if","locations":[{"start":{"line":45,"column":8},"end":{"line":47,"column":9}},{"start":{},"end":{}}],"line":45},"3":{"loc":{"start":{"line":76,"column":8},"end":{"line":78,"column":9}},"type":"if","locations":[{"start":{"line":76,"column":8},"end":{"line":78,"column":9}},{"start":{},"end":{}}],"line":76},"4":{"loc":{"start":{"line":97,"column":8},"end":{"line":99,"column":9}},"type":"if","locations":[{"start":{"line":97,"column":8},"end":{"line":99,"column":9}},{"start":{},"end":{}}],"line":97},"5":{"loc":{"start":{"line":101,"column":8},"end":{"line":103,"column":9}},"type":"if","locations":[{"start":{"line":101,"column":8},"end":{"line":103,"column":9}},{"start":{},"end":{}}],"line":101},"6":{"loc":{"start":{"line":120,"column":8},"end":{"line":122,"column":9}},"type":"if","locations":[{"start":{"line":120,"column":8},"end":{"line":122,"column":9}},{"start":{},"end":{}}],"line":120}},"s":{"0":3,"1":3,"2":3,"3":3,"4":2,"5":0,"6":2,"7":2,"8":2,"9":2,"10":0,"11":1,"12":3,"13":2,"14":2,"15":2,"16":2,"17":1,"18":1,"19":0,"20":1,"21":0,"22":3,"23":2,"24":2,"25":2,"26":1,"27":1,"28":0,"29":1,"30":3,"31":3,"32":3,"33":2,"34":1,"35":1,"36":1,"37":0,"38":1,"39":3,"40":2,"41":2,"42":2,"43":1,"44":1,"45":0,"46":1},"f":{"0":3,"1":0,"2":2,"3":2,"4":2,"5":3,"6":2},"b":{"0":[2,0],"1":[1,1],"2":[1,0],"3":[1,0],"4":[1,1],"5":[1,0],"6":[1,0]},"_coverageSchema":"1a1c01bbd47fc00a2c39e90264f33305004495a9","hash":"f23b51af92fed1ec23645192789b26f6b9b344f0"}
,"F:\\Marc\\Marc\\CEF\\JavaScript\\Node\\Express\\PPRussel\\api\\services\\users.js": {"path":"F:\\Marc\\Marc\\CEF\\JavaScript\\Node\\Express\\PPRussel\\api\\services\\users.js","statementMap":{"0":{"start":{"line":2,"column":13},"end":{"line":2,"column":39}},"1":{"start":{"line":3,"column":15},"end":{"line":3,"column":33}},"2":{"start":{"line":4,"column":12},"end":{"line":4,"column":36}},"3":{"start":{"line":5,"column":19},"end":{"line":5,"column":41}},"4":{"start":{"line":15,"column":0},"end":{"line":59,"column":1}},"5":{"start":{"line":16,"column":32},"end":{"line":16,"column":40}},"6":{"start":{"line":18,"column":4},"end":{"line":58,"column":5}},"7":{"start":{"line":19,"column":20},"end":{"line":19,"column":87}},"8":{"start":{"line":21,"column":9},"end":{"line":54,"column":10}},"9":{"start":{"line":23,"column":12},"end":{"line":49,"column":15}},"10":{"start":{"line":25,"column":16},"end":{"line":27,"column":13}},"11":{"start":{"line":26,"column":16},"end":{"line":26,"column":37}},"12":{"start":{"line":29,"column":12},"end":{"line":46,"column":13}},"13":{"start":{"line":31,"column":16},"end":{"line":31,"column":42}},"14":{"start":{"line":33,"column":33},"end":{"line":33,"column":45}},"15":{"start":{"line":34,"column":30},"end":{"line":41,"column":18}},"16":{"start":{"line":43,"column":16},"end":{"line":43,"column":63}},"17":{"start":{"line":45,"column":16},"end":{"line":45,"column":68}},"18":{"start":{"line":48,"column":12},"end":{"line":48,"column":62}},"19":{"start":{"line":53,"column":12},"end":{"line":53,"column":58}},"20":{"start":{"line":57,"column":8},"end":{"line":57,"column":43}},"21":{"start":{"line":71,"column":0},"end":{"line":75,"column":2}},"22":{"start":{"line":74,"column":4},"end":{"line":74,"column":30}},"23":{"start":{"line":86,"column":0},"end":{"line":102,"column":2}},"24":{"start":{"line":88,"column":4},"end":{"line":101,"column":5}},"25":{"start":{"line":89,"column":20},"end":{"line":89,"column":37}},"26":{"start":{"line":91,"column":8},"end":{"line":94,"column":9}},"27":{"start":{"line":93,"column":12},"end":{"line":93,"column":54}},"28":{"start":{"line":96,"column":8},"end":{"line":96,"column":55}},"29":{"start":{"line":100,"column":8},"end":{"line":100,"column":45}},"30":{"start":{"line":113,"column":0},"end":{"line":129,"column":2}},"31":{"start":{"line":115,"column":15},"end":{"line":115,"column":29}},"32":{"start":{"line":117,"column":4},"end":{"line":128,"column":5}},"33":{"start":{"line":118,"column":19},"end":{"line":118,"column":50}},"34":{"start":{"line":120,"column":8},"end":{"line":122,"column":9}},"35":{"start":{"line":121,"column":12},"end":{"line":121,"column":50}},"36":{"start":{"line":124,"column":8},"end":{"line":124,"column":54}},"37":{"start":{"line":127,"column":8},"end":{"line":127,"column":43}},"38":{"start":{"line":142,"column":1},"end":{"line":163,"column":2}},"39":{"start":{"line":144,"column":18},"end":{"line":152,"column":5}},"40":{"start":{"line":154,"column":4},"end":{"line":162,"column":5}},"41":{"start":{"line":156,"column":19},"end":{"line":156,"column":42}},"42":{"start":{"line":157,"column":8},"end":{"line":157,"column":47}},"43":{"start":{"line":161,"column":8},"end":{"line":161,"column":43}},"44":{"start":{"line":174,"column":0},"end":{"line":204,"column":2}},"45":{"start":{"line":176,"column":15},"end":{"line":176,"column":28}},"46":{"start":{"line":178,"column":18},"end":{"line":185,"column":5}},"47":{"start":{"line":187,"column":4},"end":{"line":203,"column":5}},"48":{"start":{"line":188,"column":19},"end":{"line":188,"column":50}},"49":{"start":{"line":189,"column":8},"end":{"line":198,"column":9}},"50":{"start":{"line":190,"column":12},"end":{"line":194,"column":15}},"51":{"start":{"line":191,"column":16},"end":{"line":193,"column":17}},"52":{"start":{"line":192,"column":20},"end":{"line":192,"column":42}},"53":{"start":{"line":195,"column":12},"end":{"line":195,"column":30}},"54":{"start":{"line":196,"column":12},"end":{"line":196,"column":53}},"55":{"start":{"line":199,"column":8},"end":{"line":199,"column":54}},"56":{"start":{"line":202,"column":8},"end":{"line":202,"column":43}},"57":{"start":{"line":214,"column":0},"end":{"line":227,"column":1}},"58":{"start":{"line":216,"column":15},"end":{"line":216,"column":28}},"59":{"start":{"line":218,"column":4},"end":{"line":226,"column":5}},"60":{"start":{"line":220,"column":8},"end":{"line":220,"column":41}},"61":{"start":{"line":222,"column":8},"end":{"line":222,"column":41}},"62":{"start":{"line":225,"column":8},"end":{"line":225,"column":43}}},"fnMap":{"0":{"name":"(anonymous_0)","decl":{"start":{"line":15,"column":23},"end":{"line":15,"column":24}},"loc":{"start":{"line":15,"column":49},"end":{"line":59,"column":1}},"line":15},"1":{"name":"(anonymous_1)","decl":{"start":{"line":23,"column":52},"end":{"line":23,"column":53}},"loc":{"start":{"line":23,"column":76},"end":{"line":49,"column":13}},"line":23},"2":{"name":"(anonymous_2)","decl":{"start":{"line":71,"column":20},"end":{"line":71,"column":21}},"loc":{"start":{"line":71,"column":34},"end":{"line":75,"column":1}},"line":71},"3":{"name":"(anonymous_3)","decl":{"start":{"line":86,"column":17},"end":{"line":86,"column":18}},"loc":{"start":{"line":86,"column":43},"end":{"line":102,"column":1}},"line":86},"4":{"name":"(anonymous_4)","decl":{"start":{"line":113,"column":18},"end":{"line":113,"column":19}},"loc":{"start":{"line":113,"column":44},"end":{"line":129,"column":1}},"line":113},"5":{"name":"(anonymous_5)","decl":{"start":{"line":142,"column":15},"end":{"line":142,"column":16}},"loc":{"start":{"line":142,"column":41},"end":{"line":163,"column":1}},"line":142},"6":{"name":"(anonymous_6)","decl":{"start":{"line":174,"column":17},"end":{"line":174,"column":18}},"loc":{"start":{"line":174,"column":43},"end":{"line":204,"column":1}},"line":174},"7":{"name":"(anonymous_7)","decl":{"start":{"line":190,"column":38},"end":{"line":190,"column":39}},"loc":{"start":{"line":190,"column":47},"end":{"line":194,"column":13}},"line":190},"8":{"name":"(anonymous_8)","decl":{"start":{"line":214,"column":17},"end":{"line":214,"column":18}},"loc":{"start":{"line":214,"column":43},"end":{"line":227,"column":1}},"line":214}},"branchMap":{"0":{"loc":{"start":{"line":21,"column":9},"end":{"line":54,"column":10}},"type":"if","locations":[{"start":{"line":21,"column":9},"end":{"line":54,"column":10}},{"start":{"line":51,"column":16},"end":{"line":54,"column":10}}],"line":21},"1":{"loc":{"start":{"line":25,"column":16},"end":{"line":27,"column":13}},"type":"if","locations":[{"start":{"line":25,"column":16},"end":{"line":27,"column":13}},{"start":{},"end":{}}],"line":25},"2":{"loc":{"start":{"line":29,"column":12},"end":{"line":46,"column":13}},"type":"if","locations":[{"start":{"line":29,"column":12},"end":{"line":46,"column":13}},{"start":{},"end":{}}],"line":29},"3":{"loc":{"start":{"line":91,"column":8},"end":{"line":94,"column":9}},"type":"if","locations":[{"start":{"line":91,"column":8},"end":{"line":94,"column":9}},{"start":{},"end":{}}],"line":91},"4":{"loc":{"start":{"line":120,"column":8},"end":{"line":122,"column":9}},"type":"if","locations":[{"start":{"line":120,"column":8},"end":{"line":122,"column":9}},{"start":{},"end":{}}],"line":120},"5":{"loc":{"start":{"line":189,"column":8},"end":{"line":198,"column":9}},"type":"if","locations":[{"start":{"line":189,"column":8},"end":{"line":198,"column":9}},{"start":{},"end":{}}],"line":189},"6":{"loc":{"start":{"line":191,"column":16},"end":{"line":193,"column":17}},"type":"if","locations":[{"start":{"line":191,"column":16},"end":{"line":193,"column":17}},{"start":{},"end":{}}],"line":191}},"s":{"0":3,"1":3,"2":3,"3":3,"4":3,"5":0,"6":0,"7":0,"8":0,"9":0,"10":0,"11":0,"12":0,"13":0,"14":0,"15":0,"16":0,"17":0,"18":0,"19":0,"20":0,"21":3,"22":0,"23":3,"24":2,"25":2,"26":1,"27":1,"28":0,"29":1,"30":3,"31":0,"32":0,"33":0,"34":0,"35":0,"36":0,"37":0,"38":3,"39":2,"40":2,"41":2,"42":1,"43":1,"44":3,"45":0,"46":0,"47":0,"48":0,"49":0,"50":0,"51":0,"52":0,"53":0,"54":0,"55":0,"56":0,"57":3,"58":0,"59":0,"60":0,"61":0,"62":0},"f":{"0":0,"1":0,"2":0,"3":2,"4":0,"5":2,"6":0,"7":0,"8":0},"b":{"0":[0,0],"1":[0,0],"2":[0,0],"3":[1,0],"4":[0,0],"5":[0,0],"6":[0,0]},"_coverageSchema":"1a1c01bbd47fc00a2c39e90264f33305004495a9","hash":"2b5c55efe98d28e1d6d5d7ce3b632f8ea6d2311e"}
,"F:\\Marc\\Marc\\CEF\\JavaScript\\Node\\Express\\PPRussel\\api\\tests\\setup\\mockResponse.js": {"path":"F:\\Marc\\Marc\\CEF\\JavaScript\\Node\\Express\\PPRussel\\api\\tests\\setup\\mockResponse.js","statementMap":{"0":{"start":{"line":3,"column":14},"end":{"line":3,"column":16}},"1":{"start":{"line":4,"column":2},"end":{"line":4,"column":46}},"2":{"start":{"line":5,"column":2},"end":{"line":5,"column":44}},"3":{"start":{"line":6,"column":2},"end":{"line":6,"column":46}},"4":{"start":{"line":7,"column":2},"end":{"line":7,"column":44}},"5":{"start":{"line":8,"column":2},"end":{"line":8,"column":13}},"6":{"start":{"line":11,"column":0},"end":{"line":11,"column":34}}},"fnMap":{"0":{"name":"mockResponse","decl":{"start":{"line":2,"column":9},"end":{"line":2,"column":21}},"loc":{"start":{"line":2,"column":24},"end":{"line":9,"column":1}},"line":2}},"branchMap":{},"s":{"0":7,"1":7,"2":7,"3":7,"4":7,"5":7,"6":2},"f":{"0":7},"b":{},"_coverageSchema":"1a1c01bbd47fc00a2c39e90264f33305004495a9","hash":"a0422cc23fe0df86f680a11d9f28ad52169fe0b0"}
,"F:\\Marc\\Marc\\CEF\\JavaScript\\Node\\Express\\PPRussel\\api\\tests\\setup\\testApp.js": {"path":"F:\\Marc\\Marc\\CEF\\JavaScript\\Node\\Express\\PPRussel\\api\\tests\\setup\\testApp.js","statementMap":{"0":{"start":{"line":2,"column":0},"end":{"line":2,"column":30}},"1":{"start":{"line":4,"column":16},"end":{"line":4,"column":34}},"2":{"start":{"line":5,"column":27},"end":{"line":5,"column":63}},"3":{"start":{"line":6,"column":20},"end":{"line":6,"column":49}},"4":{"start":{"line":7,"column":22},"end":{"line":7,"column":53}},"5":{"start":{"line":8,"column":19},"end":{"line":8,"column":41}},"6":{"start":{"line":11,"column":14},"end":{"line":11,"column":23}},"7":{"start":{"line":12,"column":2},"end":{"line":12,"column":26}},"8":{"start":{"line":13,"column":2},"end":{"line":13,"column":50}},"9":{"start":{"line":14,"column":2},"end":{"line":14,"column":29}},"10":{"start":{"line":16,"column":2},"end":{"line":16,"column":68}},"11":{"start":{"line":16,"column":8},"end":{"line":16,"column":53}},"12":{"start":{"line":17,"column":2},"end":{"line":17,"column":54}},"13":{"start":{"line":17,"column":8},"end":{"line":17,"column":39}},"14":{"start":{"line":18,"column":2},"end":{"line":18,"column":58}},"15":{"start":{"line":18,"column":8},"end":{"line":18,"column":43}},"16":{"start":{"line":20,"column":2},"end":{"line":24,"column":5}},"17":{"start":{"line":22,"column":4},"end":{"line":22,"column":42}},"18":{"start":{"line":22,"column":25},"end":{"line":22,"column":42}},"19":{"start":{"line":23,"column":4},"end":{"line":23,"column":65}},"20":{"start":{"line":25,"column":2},"end":{"line":25,"column":13}},"21":{"start":{"line":28,"column":0},"end":{"line":28,"column":31}}},"fnMap":{"0":{"name":"createTestApp","decl":{"start":{"line":10,"column":9},"end":{"line":10,"column":22}},"loc":{"start":{"line":10,"column":25},"end":{"line":26,"column":1}},"line":10},"1":{"name":"(anonymous_1)","decl":{"start":{"line":20,"column":10},"end":{"line":20,"column":11}},"loc":{"start":{"line":20,"column":35},"end":{"line":24,"column":3}},"line":20}},"branchMap":{"0":{"loc":{"start":{"line":22,"column":4},"end":{"line":22,"column":42}},"type":"if","locations":[{"start":{"line":22,"column":4},"end":{"line":22,"column":42}},{"start":{},"end":{}}],"line":22},"1":{"loc":{"start":{"line":23,"column":15},"end":{"line":23,"column":32}},"type":"binary-expr","locations":[{"start":{"line":23,"column":15},"end":{"line":23,"column":25}},{"start":{"line":23,"column":29},"end":{"line":23,"column":32}}],"line":23},"2":{"loc":{"start":{"line":23,"column":39},"end":{"line":23,"column":63}},"type":"binary-expr","locations":[{"start":{"line":23,"column":39},"end":{"line":23,"column":48}},{"start":{"line":23,"column":52},"end":{"line":23,"column":63}}],"line":23}},"s":{"0":2,"1":2,"2":2,"3":2,"4":2,"5":2,"6":2,"7":2,"8":2,"9":2,"10":2,"11":2,"12":2,"13":2,"14":2,"15":2,"16":2,"17":0,"18":0,"19":0,"20":2,"21":2},"f":{"0":2,"1":0},"b":{"0":[0,0],"1":[0,0],"2":[0,0]},"_coverageSchema":"1a1c01bbd47fc00a2c39e90264f33305004495a9","hash":"5860ac73820382a26555d21e9337feae2d78e5fe"}
}
